<?xml version="1.0" encoding="UTF-8"?>
<!-- Generated by org.testng.reporters.JUnitReportReporter -->
<testsuite hostname="Abins-MacBook-Air.local" failures="0" tests="1" name="testCases.Login" time="0.974" errors="0" timestamp="2024-01-19T08:14:34 GMT" skipped="0">
  <testcase classname="testCases.Login" name="login_test" time="0.974"/>
</testsuite> <!-- testCases.Login -->
